<?xml version="1.0" encoding="UTF-8"?>
<testsuite xmlns:xsi="http://www.w3.org/2001/XMLSchema-instance" xsi:noNamespaceSchemaLocation="https://maven.apache.org/surefire/maven-surefire-plugin/xsd/surefire-test-report.xsd" name="MyTest" time="0.055" tests="5" errors="0" skipped="0" failures="0">
  <properties>
[...]
</properties>
  <testcase name="testGameBet" classname="MyTest" time="0.017"/>
  <testcase name="testGameLogic2" classname="MyTest" time="0.002"/>
  <testcase name="testDrawCards" classname="MyTest" time="0.001"/>
  <testcase name="testCardProperties" classname="MyTest" time="0.001"/>
  <testcase name="testGameLogic" classname="MyTest" time="0.001"/>
</testsuite>